D:\ComproSEC_A\Lab01\Debug\Lab01.exe
D:\ComproSEC_A\Lab01\Debug\Lab01.ilk
D:\ComproSEC_A\Lab01\Debug\Lab01.pdb
D:\COMPROSEC_C\LAB01\DEBUG\LAB01.EXE
D:\COMPROSEC_C\LAB01\DEBUG\LAB01.ILK
D:\COMPROSEC_C\LAB01\DEBUG\LAB01.PDB
D:\ComproSEC_C\Lab01\Lab01\Debug\cl.command.1.tlog
D:\ComproSEC_C\Lab01\Lab01\Debug\CL.read.1.tlog
D:\ComproSEC_C\Lab01\Lab01\Debug\CL.write.1.tlog
D:\COMPROSEC_C\LAB01\LAB01\DEBUG\FASTPROGRAM.OBJ
D:\COMPROSEC_C\LAB01\LAB01\DEBUG\LAB01.EXE.EMBED.MANIFEST
D:\COMPROSEC_C\LAB01\LAB01\DEBUG\LAB01.EXE.EMBED.MANIFEST.RES
D:\COMPROSEC_C\LAB01\LAB01\DEBUG\LAB01.EXE.INTERMEDIATE.MANIFEST
D:\ComproSEC_C\Lab01\Lab01\Debug\Lab01.vcxprojResolveAssemblyReference.cache
D:\ComproSEC_C\Lab01\Lab01\Debug\Lab01.write.1.tlog
D:\ComproSEC_C\Lab01\Lab01\Debug\Lab01_manifest.rc
D:\ComproSEC_C\Lab01\Lab01\Debug\link.7832.read.1.tlog
D:\ComproSEC_C\Lab01\Lab01\Debug\link.7832.write.1.tlog
D:\ComproSEC_C\Lab01\Lab01\Debug\link.7832-cvtres.read.1.tlog
D:\ComproSEC_C\Lab01\Lab01\Debug\link.7832-cvtres.write.1.tlog
D:\ComproSEC_C\Lab01\Lab01\Debug\link.command.1.tlog
D:\ComproSEC_C\Lab01\Lab01\Debug\link.read.1.tlog
D:\ComproSEC_C\Lab01\Lab01\Debug\link.write.1.tlog
D:\ComproSEC_C\Lab01\Lab01\Debug\link-cvtres.read.1.tlog
D:\ComproSEC_C\Lab01\Lab01\Debug\link-cvtres.write.1.tlog
D:\ComproSEC_C\Lab01\Lab01\Debug\mt.command.1.tlog
D:\ComproSEC_C\Lab01\Lab01\Debug\mt.read.1.tlog
D:\ComproSEC_C\Lab01\Lab01\Debug\mt.write.1.tlog
D:\ComproSEC_C\Lab01\Lab01\Debug\rc.command.1.tlog
D:\ComproSEC_C\Lab01\Lab01\Debug\rc.read.1.tlog
D:\ComproSEC_C\Lab01\Lab01\Debug\rc.write.1.tlog
D:\ComproSEC_C\Lab01\Lab01\Debug\vc100.idb
D:\COMPROSEC_C\LAB01\LAB01\DEBUG\VC100.PDB
